<?xml version="1.0" encoding="UTF-8" ?>
<testsuite failures="0" time="0.104" errors="0" skipped="0" tests="6" name="org.springmodules.cache.util.SemicolonSeparatedPropertiesParserTest">
  <properties>
[...]
</properties>
  <testcase time="0.067" classname="org.springmodules.cache.util.SemicolonSeparatedPropertiesParserTest" name="testParsePropertiesWithDuplicatedProperties"/>
  <testcase time="0" classname="org.springmodules.cache.util.SemicolonSeparatedPropertiesParserTest" name="testParsePropertiesWithOneProperty"/>
  <testcase time="0" classname="org.springmodules.cache.util.SemicolonSeparatedPropertiesParserTest" name="testParsePropertiesWithPropertyNotMatchingPattern"/>
  <testcase time="0.001" classname="org.springmodules.cache.util.SemicolonSeparatedPropertiesParserTest" name="testParsePropertiesWithText"/>
  <testcase time="0" classname="org.springmodules.cache.util.SemicolonSeparatedPropertiesParserTest" name="testParsePropertiesWithTextEndingWithSemicolon"/>
  <testcase time="0" classname="org.springmodules.cache.util.SemicolonSeparatedPropertiesParserTest" name="testParsePropertiesWithTextHavingOnlySemicolon"/>
</testsuite>